生成启动时间为 10/10/2014 11:16:20 AM。
     1>项目“C:\Users\ZGF\Documents\Visual Studio 2013\Projects\C++ Regex Engine\C---Regex-Engine\C++ Regex Engine\C++ Regex Engine.vcxproj”在节点 2 上(Build 个目标)。
     1>ClCompile:
         C:\Program Files (x86)\Microsoft Visual Studio 12.0\VC\bin\CL.exe /c /ZI /nologo /W4 /WX- /sdl /Od /Oy- /D WIN32 /D _DEBUG /D _CONSOLE /D _LIB /D _UNICODE /D UNICODE /Gm /EHsc /RTC1 /MDd /GS /fp:precise /Zc:wchar_t /Zc:forScope /Yc"forward.h" /Fp"Debug\C++ Regex Engine.pch" /Fo"Debug\\" /Fd"Debug\vc120.pdb" /Gd /TP /analyze- /errorReport:prompt forward.cpp
         forward.cpp
     1>c:\users\zgf\documents\visual studio 2013\projects\c++ regex engine\c---regex-engine\c++ regex engine\ztl_regex_lex.h(224): warning C4100: “tokens”: 未引用的形参
     1>c:\users\zgf\documents\visual studio 2013\projects\c++ regex engine\c---regex-engine\c++ regex engine\ztl_regex_lex.h(339): warning C4100: “tokens”: 未引用的形参
     1>c:\users\zgf\documents\visual studio 2013\projects\c++ regex engine\c---regex-engine\c++ regex engine\ztl_regex_lex.h(344): warning C4100: “tokens”: 未引用的形参
     1>c:\users\zgf\documents\visual studio 2013\projects\c++ regex engine\c---regex-engine\c++ regex engine\ztl_regex_lex.h(400): warning C4100: “tokens”: 未引用的形参
         C:\Program Files (x86)\Microsoft Visual Studio 12.0\VC\bin\CL.exe /c /ZI /nologo /W4 /WX- /sdl /Od /Oy- /D WIN32 /D _DEBUG /D _CONSOLE /D _LIB /D _UNICODE /D UNICODE /Gm /EHsc /RTC1 /MDd /GS /fp:precise /Zc:wchar_t /Zc:forScope /Yu"forward.h" /Fp"Debug\C++ Regex Engine.pch" /Fo"Debug\\" /Fd"Debug\vc120.pdb" /Gd /TP /analyze- /errorReport:prompt main.cpp ztl_regex_automachine.cpp ztl_regex_expression.cpp
         ztl_regex_automachine.cpp
         正在生成代码...
         正在跳过...(未检测到相关更改)
         ztl_regex_expression.cpp
         main.cpp
       Link:
         C:\Program Files (x86)\Microsoft Visual Studio 12.0\VC\bin\link.exe /ERRORREPORT:PROMPT /OUT:"C:\Users\ZGF\Documents\Visual Studio 2013\Projects\C++ Regex Engine\C---Regex-Engine\Debug\C++ Regex Engine.exe" /INCREMENTAL /NOLOGO kernel32.lib user32.lib gdi32.lib winspool.lib comdlg32.lib advapi32.lib shell32.lib ole32.lib oleaut32.lib uuid.lib odbc32.lib odbccp32.lib /MANIFEST /MANIFESTUAC:"level='asInvoker' uiAccess='false'" /manifest:embed /DEBUG /PDB:"C:\Users\ZGF\Documents\Visual Studio 2013\Projects\C++ Regex Engine\C---Regex-Engine\Debug\C++ Regex Engine.pdb" /SUBSYSTEM:CONSOLE /TLBID:1 /DYNAMICBASE /NXCOMPAT /IMPLIB:"C:\Users\ZGF\Documents\Visual Studio 2013\Projects\C++ Regex Engine\C---Regex-Engine\Debug\C++ Regex Engine.lib" /MACHINE:X86 /PROFILE Debug\forward.obj
         Debug\main.obj
         Debug\ztl_regex_automachine.obj
         Debug\ztl_regex_expression.obj
     1>LINK : warning LNK4075: 忽略“/INCREMENTAL”(由于“/PROFILE”规范)
     1>forward.obj : warning LNK4075: 忽略“/EDITANDCONTINUE”(由于“/OPT:LBR”规范)
         C++ Regex Engine.vcxproj -> C:\Users\ZGF\Documents\Visual Studio 2013\Projects\C++ Regex Engine\C---Regex-Engine\Debug\C++ Regex Engine.exe
     1>已完成生成项目“C:\Users\ZGF\Documents\Visual Studio 2013\Projects\C++ Regex Engine\C---Regex-Engine\C++ Regex Engine\C++ Regex Engine.vcxproj”(Build 个目标)的操作。

生成成功。

已用时间 00:00:05.67
